0 info it worked if it ends with ok
1 verbose cli [ '/Users/matt.davis/.nvm/versions/node/v0.12.6/bin/node',
1 verbose cli   '/Users/matt.davis/.nvm/versions/node/v0.12.6/bin/npm',
1 verbose cli   'version',
1 verbose cli   'major' ]
2 info using npm@2.11.2
3 info using node@v0.12.6
4 info preversion outputcache@2.0.0
5 info git [ 'status', '--porcelain' ]
6 verbose stack Error: Error: Git working directory not clean.
6 verbose stack M .travis.yml
6 verbose stack M README.md
6 verbose stack M index.js
6 verbose stack M package.json
6 verbose stack D test/index.js
6 verbose stack     at /Users/matt.davis/.nvm/versions/node/v0.12.6/lib/node_modules/npm/lib/version.js:71:23
6 verbose stack     at /Users/matt.davis/.nvm/versions/node/v0.12.6/lib/node_modules/npm/lib/version.js:151:34
6 verbose stack     at ChildProcess.exithandler (child_process.js:742:7)
6 verbose stack     at ChildProcess.emit (events.js:110:17)
6 verbose stack     at maybeClose (child_process.js:1015:16)
6 verbose stack     at Socket.<anonymous> (child_process.js:1183:11)
6 verbose stack     at Socket.emit (events.js:107:17)
6 verbose stack     at Pipe.close (net.js:485:12)
7 verbose cwd /Users/matt.davis/personal/outputcache
8 error Darwin 14.5.0
9 error argv "/Users/matt.davis/.nvm/versions/node/v0.12.6/bin/node" "/Users/matt.davis/.nvm/versions/node/v0.12.6/bin/npm" "version" "major"
10 error node v0.12.6
11 error npm  v2.11.2
12 error Error: Git working directory not clean.
12 error M .travis.yml
12 error M README.md
12 error M index.js
12 error M package.json
12 error D test/index.js
13 error If you need help, you may report this error at:
13 error     <https://github.com/npm/npm/issues>
14 verbose exit [ 1, true ]
